<?xml version="1.0" encoding="UTF-8"?>
<testsuites name="Via Signup" time="33.462" tests="4" failures="0" errors="0">
   <testsuite name="Via Signup" tests="4" failures="0" errors="0" time="33.462" skipped="0" timestamp="03-04-2024T09:57:32" hostname="1735 - 192.168.137.77" id="Test Suites/Via Signup">
      <properties>
         <property name="deviceName" value=""/>
         <property name="devicePlatform" value=""/>
         <property name="logFolder" value="C:\\Users\\1735\\git\\katalon_contactlistapp\\Reports\\20240403_095728\\Via Signup\\20240403_095728"/>
         <property name="logFiles" value="C:\\Users\\1735\\git\\katalon_contactlistapp\\Reports\\20240403_095728\\Via Signup\\20240403_095728\\execution0.log"/>
         <property name="attachments" value=""/>
         <property name="hostName" value="1735 - 192.168.137.77"/>
         <property name="os" value="Windows 11 64bit"/>
         <property name="katalonVersion" value="9.3.2.212"/>
         <property name="browser" value="Chrome 123.0.0.0"/>
         <property name="hostAddress" value="192.168.137.77"/>
         <property name="sessionId" value="0b88cc81a97d2fba0affc2321ead6ba6"/>
         <property name="seleniumVersion" value="3.141.59"/>
         <property name="proxyInformation" value="ProxyInformation { proxyOption=NO_PROXY, proxyServerType=HTTP, username=, password=********, proxyServerAddress=, proxyServerPort=0, executionList=&quot;&quot;, isApplyToDesiredCapabilities=true }"/>
         <property name="platform" value="Windows 11"/>
      </properties>
      <testcase name="Test Cases/Sign Up" time="8.807" classname="Test Cases/Sign Up" status="PASSED">
         <system-out><![CDATA[03-04-2024T09:57:33 - [TEST_CASE][PASSED] - Test Cases/Sign Up: Test Cases/Sign Up

03-04-2024T09:57:33 - [TEST_STEP][PASSED] - openBrowser(""): Browser is opened with url: ''

03-04-2024T09:57:33 - [MESSAGE][INFO] - Starting 'Chrome' driver

03-04-2024T09:57:33 - [MESSAGE][INFO] - Action delay is set to 0 milliseconds

03-04-2024T09:57:35 - [MESSAGE][PASSED] - Browser is opened with url: ''

03-04-2024T09:57:35 - [TEST_STEP][PASSED] - navigateToUrl("https://thinking-tester-contact-list.herokuapp.com/"): Navigate to 'https://thinking-tester-contact-list.herokuapp.com/' successfully

03-04-2024T09:57:37 - [MESSAGE][PASSED] - Navigate to 'https://thinking-tester-contact-list.herokuapp.com/' successfully

03-04-2024T09:57:37 - [TEST_STEP][PASSED] - click(findTestObject("Object Repository/Contact List App/Page_Contact List App/button_Sign up")): Object: 'Object Repository/Contact List App/Page_Contact List App/button_Sign up' is clicked on

03-04-2024T09:57:38 - [MESSAGE][PASSED] - Object: 'Object Repository/Contact List App/Page_Contact List App/button_Sign up' is clicked on

03-04-2024T09:57:38 - [TEST_STEP][PASSED] - setText(findTestObject("Object Repository/Contact List App/Page_Add User/input_Add User_firstName"), FirstName): Text 'Bram' is set on object 'Object Repository/Contact List App/Page_Add User/input_Add User_firstName'

03-04-2024T09:57:39 - [MESSAGE][PASSED] - Text 'Bram' is set on object 'Object Repository/Contact List App/Page_Add User/input_Add User_firstName'

03-04-2024T09:57:39 - [TEST_STEP][PASSED] - setText(findTestObject("Object Repository/Contact List App/Page_Add User/input_Add User_lastName"), LastName): Text 'Monero' is set on object 'Object Repository/Contact List App/Page_Add User/input_Add User_lastName'

03-04-2024T09:57:40 - [MESSAGE][PASSED] - Text 'Monero' is set on object 'Object Repository/Contact List App/Page_Add User/input_Add User_lastName'

03-04-2024T09:57:40 - [TEST_STEP][PASSED] - setText(findTestObject("Object Repository/Contact List App/Page_Add User/input_Add User_email"), Email): Text 'bram.monero@katalon.com' is set on object 'Object Repository/Contact List App/Page_Add User/input_Add User_email'

03-04-2024T09:57:41 - [MESSAGE][PASSED] - Text 'bram.monero@katalon.com' is set on object 'Object Repository/Contact List App/Page_Add User/input_Add User_email'

03-04-2024T09:57:41 - [TEST_STEP][PASSED] - setEncryptedText(findTestObject("Object Repository/Contact List App/Page_Add User/input_Add User_password"), Password): Text ****** has been set on object 'Object Repository/Contact List App/Page_Add User/input_Add User_password'

03-04-2024T09:57:41 - [MESSAGE][PASSED] - Text ****** has been set on object 'Object Repository/Contact List App/Page_Add User/input_Add User_password'

03-04-2024T09:57:41 - [TEST_STEP][PASSED] - click(findTestObject("Object Repository/Contact List App/Page_Add User/button_Submit")): Object: 'Object Repository/Contact List App/Page_Add User/button_Submit' is clicked on

03-04-2024T09:57:41 - [MESSAGE][PASSED] - Object: 'Object Repository/Contact List App/Page_Add User/button_Submit' is clicked on]]></system-out>
         <system-err><![CDATA[]]></system-err>
      </testcase>
      <testcase name="Test Cases/Add New Contact List" time="11.333" classname="Test Cases/Add New Contact List" status="PASSED">
         <system-out><![CDATA[03-04-2024T09:57:42 - [TEST_CASE][PASSED] - Test Cases/Add New Contact List: Test Cases/Add New Contact List

03-04-2024T09:57:42 - [TEST_STEP][PASSED] - click(findTestObject("Object Repository/Contact List App/Page_My Contacts/button_Add a New Contact")): Object: 'Object Repository/Contact List App/Page_My Contacts/button_Add a New Contact' is clicked on

03-04-2024T09:57:45 - [MESSAGE][PASSED] - Object: 'Object Repository/Contact List App/Page_My Contacts/button_Add a New Contact' is clicked on

03-04-2024T09:57:45 - [TEST_STEP][PASSED] - setText(findTestObject("Object Repository/Contact List App/Page_Add Contact/input_First Name_firstName"), FirstName): Text 'Filbert' is set on object 'Object Repository/Contact List App/Page_Add Contact/input_First Name_firstName'

03-04-2024T09:57:46 - [MESSAGE][PASSED] - Text 'Filbert' is set on object 'Object Repository/Contact List App/Page_Add Contact/input_First Name_firstName'

03-04-2024T09:57:46 - [TEST_STEP][PASSED] - setText(findTestObject("Object Repository/Contact List App/Page_Add Contact/input_Last Name_lastName"), LastName): Text 'Bojinov' is set on object 'Object Repository/Contact List App/Page_Add Contact/input_Last Name_lastName'

03-04-2024T09:57:47 - [MESSAGE][PASSED] - Text 'Bojinov' is set on object 'Object Repository/Contact List App/Page_Add Contact/input_Last Name_lastName'

03-04-2024T09:57:47 - [TEST_STEP][PASSED] - setText(findTestObject("Object Repository/Contact List App/Page_Add Contact/input_Date of Birth_birthdate"), DateofBirth): Text '2000-09-09' is set on object 'Object Repository/Contact List App/Page_Add Contact/input_Date of Birth_birthdate'

03-04-2024T09:57:48 - [MESSAGE][PASSED] - Text '2000-09-09' is set on object 'Object Repository/Contact List App/Page_Add Contact/input_Date of Birth_birthdate'

03-04-2024T09:57:48 - [TEST_STEP][PASSED] - setText(findTestObject("Object Repository/Contact List App/Page_Add Contact/input_Email_email"), Email): Text 'filbert.bojinov@katalon.com' is set on object 'Object Repository/Contact List App/Page_Add Contact/input_Email_email'

03-04-2024T09:57:48 - [MESSAGE][PASSED] - Text 'filbert.bojinov@katalon.com' is set on object 'Object Repository/Contact List App/Page_Add Contact/input_Email_email'

03-04-2024T09:57:48 - [TEST_STEP][PASSED] - setText(findTestObject("Contact List App/Page_Add Contact/input_Phone_phone"), Phone): Text '0834232434' is set on object 'Object Repository/Contact List App/Page_Add Contact/input_Phone_phone'

03-04-2024T09:57:49 - [MESSAGE][PASSED] - Text '0834232434' is set on object 'Object Repository/Contact List App/Page_Add Contact/input_Phone_phone'

03-04-2024T09:57:49 - [TEST_STEP][PASSED] - setText(findTestObject("Object Repository/Contact List App/Page_Add Contact/input_Street Address 1_street1"), StreetAddress): Text 'Jalan Jalan' is set on object 'Object Repository/Contact List App/Page_Add Contact/input_Street Address 1_street1'

03-04-2024T09:57:50 - [MESSAGE][PASSED] - Text 'Jalan Jalan' is set on object 'Object Repository/Contact List App/Page_Add Contact/input_Street Address 1_street1'

03-04-2024T09:57:50 - [TEST_STEP][PASSED] - setText(findTestObject("Object Repository/Contact List App/Page_Add Contact/input_City_city"), City): Text 'Jakarta' is set on object 'Object Repository/Contact List App/Page_Add Contact/input_City_city'

03-04-2024T09:57:50 - [MESSAGE][PASSED] - Text 'Jakarta' is set on object 'Object Repository/Contact List App/Page_Add Contact/input_City_city'

03-04-2024T09:57:50 - [TEST_STEP][PASSED] - setText(findTestObject("Object Repository/Contact List App/Page_Add Contact/input_State or Province_stateProvince"), Province): Text 'Greater Jakarta' is set on object 'Object Repository/Contact List App/Page_Add Contact/input_State or Province_stateProvince'

03-04-2024T09:57:51 - [MESSAGE][PASSED] - Text 'Greater Jakarta' is set on object 'Object Repository/Contact List App/Page_Add Contact/input_State or Province_stateProvince'

03-04-2024T09:57:51 - [TEST_STEP][PASSED] - setText(findTestObject("Object Repository/Contact List App/Page_Add Contact/input_Postal Code_postalCode"), PostalCode): Text '11470' is set on object 'Object Repository/Contact List App/Page_Add Contact/input_Postal Code_postalCode'

03-04-2024T09:57:52 - [MESSAGE][PASSED] - Text '11470' is set on object 'Object Repository/Contact List App/Page_Add Contact/input_Postal Code_postalCode'

03-04-2024T09:57:52 - [TEST_STEP][PASSED] - setText(findTestObject("Object Repository/Contact List App/Page_Add Contact/input_Country_country"), Country): Text 'Indonesia' is set on object 'Object Repository/Contact List App/Page_Add Contact/input_Country_country'

03-04-2024T09:57:52 - [MESSAGE][PASSED] - Text 'Indonesia' is set on object 'Object Repository/Contact List App/Page_Add Contact/input_Country_country'

03-04-2024T09:57:52 - [TEST_STEP][PASSED] - click(findTestObject("Object Repository/Contact List App/Page_Add Contact/button_Submit")): Object: 'Object Repository/Contact List App/Page_Add Contact/button_Submit' is clicked on

03-04-2024T09:57:53 - [MESSAGE][PASSED] - Object: 'Object Repository/Contact List App/Page_Add Contact/button_Submit' is clicked on]]></system-out>
         <system-err><![CDATA[]]></system-err>
      </testcase>
      <testcase name="Test Cases/Add New Contact List" time="9.883" classname="Test Cases/Add New Contact List" status="PASSED">
         <system-out><![CDATA[03-04-2024T09:57:53 - [TEST_CASE][PASSED] - Test Cases/Add New Contact List: Test Cases/Add New Contact List

03-04-2024T09:57:53 - [TEST_STEP][PASSED] - click(findTestObject("Object Repository/Contact List App/Page_My Contacts/button_Add a New Contact")): Object: 'Object Repository/Contact List App/Page_My Contacts/button_Add a New Contact' is clicked on

03-04-2024T09:57:56 - [MESSAGE][PASSED] - Object: 'Object Repository/Contact List App/Page_My Contacts/button_Add a New Contact' is clicked on

03-04-2024T09:57:56 - [TEST_STEP][PASSED] - setText(findTestObject("Object Repository/Contact List App/Page_Add Contact/input_First Name_firstName"), FirstName): Text 'Ade' is set on object 'Object Repository/Contact List App/Page_Add Contact/input_First Name_firstName'

03-04-2024T09:57:57 - [MESSAGE][PASSED] - Text 'Ade' is set on object 'Object Repository/Contact List App/Page_Add Contact/input_First Name_firstName'

03-04-2024T09:57:57 - [TEST_STEP][PASSED] - setText(findTestObject("Object Repository/Contact List App/Page_Add Contact/input_Last Name_lastName"), LastName): Text 'Rohimat' is set on object 'Object Repository/Contact List App/Page_Add Contact/input_Last Name_lastName'

03-04-2024T09:57:57 - [MESSAGE][PASSED] - Text 'Rohimat' is set on object 'Object Repository/Contact List App/Page_Add Contact/input_Last Name_lastName'

03-04-2024T09:57:57 - [TEST_STEP][PASSED] - setText(findTestObject("Object Repository/Contact List App/Page_Add Contact/input_Date of Birth_birthdate"), DateofBirth): Text '2003-01-02' is set on object 'Object Repository/Contact List App/Page_Add Contact/input_Date of Birth_birthdate'

03-04-2024T09:57:58 - [MESSAGE][PASSED] - Text '2003-01-02' is set on object 'Object Repository/Contact List App/Page_Add Contact/input_Date of Birth_birthdate'

03-04-2024T09:57:58 - [TEST_STEP][PASSED] - setText(findTestObject("Object Repository/Contact List App/Page_Add Contact/input_Email_email"), Email): Text 'ade.rohimat@katalon.com' is set on object 'Object Repository/Contact List App/Page_Add Contact/input_Email_email'

03-04-2024T09:57:59 - [MESSAGE][PASSED] - Text 'ade.rohimat@katalon.com' is set on object 'Object Repository/Contact List App/Page_Add Contact/input_Email_email'

03-04-2024T09:57:59 - [TEST_STEP][PASSED] - setText(findTestObject("Contact List App/Page_Add Contact/input_Phone_phone"), Phone): Text '084746464' is set on object 'Object Repository/Contact List App/Page_Add Contact/input_Phone_phone'

03-04-2024T09:57:59 - [MESSAGE][PASSED] - Text '084746464' is set on object 'Object Repository/Contact List App/Page_Add Contact/input_Phone_phone'

03-04-2024T09:57:59 - [TEST_STEP][PASSED] - setText(findTestObject("Object Repository/Contact List App/Page_Add Contact/input_Street Address 1_street1"), StreetAddress): Text 'Jalan Soeharto' is set on object 'Object Repository/Contact List App/Page_Add Contact/input_Street Address 1_street1'

03-04-2024T09:58:00 - [MESSAGE][PASSED] - Text 'Jalan Soeharto' is set on object 'Object Repository/Contact List App/Page_Add Contact/input_Street Address 1_street1'

03-04-2024T09:58:00 - [TEST_STEP][PASSED] - setText(findTestObject("Object Repository/Contact List App/Page_Add Contact/input_City_city"), City): Text 'Bekasi' is set on object 'Object Repository/Contact List App/Page_Add Contact/input_City_city'

03-04-2024T09:58:01 - [MESSAGE][PASSED] - Text 'Bekasi' is set on object 'Object Repository/Contact List App/Page_Add Contact/input_City_city'

03-04-2024T09:58:01 - [TEST_STEP][PASSED] - setText(findTestObject("Object Repository/Contact List App/Page_Add Contact/input_State or Province_stateProvince"), Province): Text 'Jawa Barat' is set on object 'Object Repository/Contact List App/Page_Add Contact/input_State or Province_stateProvince'

03-04-2024T09:58:01 - [MESSAGE][PASSED] - Text 'Jawa Barat' is set on object 'Object Repository/Contact List App/Page_Add Contact/input_State or Province_stateProvince'

03-04-2024T09:58:01 - [TEST_STEP][PASSED] - setText(findTestObject("Object Repository/Contact List App/Page_Add Contact/input_Postal Code_postalCode"), PostalCode): Text '77493' is set on object 'Object Repository/Contact List App/Page_Add Contact/input_Postal Code_postalCode'

03-04-2024T09:58:02 - [MESSAGE][PASSED] - Text '77493' is set on object 'Object Repository/Contact List App/Page_Add Contact/input_Postal Code_postalCode'

03-04-2024T09:58:02 - [TEST_STEP][PASSED] - setText(findTestObject("Object Repository/Contact List App/Page_Add Contact/input_Country_country"), Country): Text 'Indonesia' is set on object 'Object Repository/Contact List App/Page_Add Contact/input_Country_country'

03-04-2024T09:58:03 - [MESSAGE][PASSED] - Text 'Indonesia' is set on object 'Object Repository/Contact List App/Page_Add Contact/input_Country_country'

03-04-2024T09:58:03 - [TEST_STEP][PASSED] - click(findTestObject("Object Repository/Contact List App/Page_Add Contact/button_Submit")): Object: 'Object Repository/Contact List App/Page_Add Contact/button_Submit' is clicked on

03-04-2024T09:58:03 - [MESSAGE][PASSED] - Object: 'Object Repository/Contact List App/Page_Add Contact/button_Submit' is clicked on]]></system-out>
         <system-err><![CDATA[]]></system-err>
      </testcase>
      <testcase name="Test Cases/Logout" time="2.817" classname="Test Cases/Logout" status="PASSED">
         <system-out><![CDATA[03-04-2024T09:58:03 - [TEST_CASE][PASSED] - Test Cases/Logout: Test Cases/Logout

03-04-2024T09:58:03 - [TEST_STEP][PASSED] - click(findTestObject("Object Repository/Contact List App/Page_My Contacts/button_Logout")): Object: 'Object Repository/Contact List App/Page_My Contacts/button_Logout' is clicked on

03-04-2024T09:58:06 - [MESSAGE][PASSED] - Object: 'Object Repository/Contact List App/Page_My Contacts/button_Logout' is clicked on]]></system-out>
         <system-err><![CDATA[]]></system-err>
      </testcase>
      <system-out><![CDATA[03-04-2024T09:57:32 - [TEST_SUITE][PASSED] - Via Signup: Test Cases/Logout]]></system-out>
      <system-err><![CDATA[]]></system-err>
   </testsuite>
</testsuites>
