<?xml version="1.0" encoding="UTF-8"?>
<testsuites name="Via Login" time="18.98" tests="3" failures="0" errors="0">
   <testsuite name="Via Login" tests="3" failures="0" errors="0" time="18.98" skipped="0" timestamp="03-04-2024T09:50:35" hostname="1735 - 192.168.137.77" id="Test Suites/Via Login">
      <properties>
         <property name="deviceName" value=""/>
         <property name="devicePlatform" value=""/>
         <property name="logFolder" value="C:\\Users\\1735\\git\\katalon_contactlistapp\\Reports\\20240403_095029\\Via Login\\20240403_095030"/>
         <property name="logFiles" value="C:\\Users\\1735\\git\\katalon_contactlistapp\\Reports\\20240403_095029\\Via Login\\20240403_095030\\execution0.log"/>
         <property name="attachments" value=""/>
         <property name="hostName" value="1735 - 192.168.137.77"/>
         <property name="os" value="Windows 11 64bit"/>
         <property name="katalonVersion" value="9.3.2.212"/>
         <property name="browser" value="Chrome 123.0.0.0"/>
         <property name="hostAddress" value="192.168.137.77"/>
         <property name="sessionId" value="2de1e8a02daa83a75ef21e5b74d5e3d4"/>
         <property name="seleniumVersion" value="3.141.59"/>
         <property name="proxyInformation" value="ProxyInformation { proxyOption=NO_PROXY, proxyServerType=HTTP, username=, password=********, proxyServerAddress=, proxyServerPort=0, executionList=&quot;&quot;, isApplyToDesiredCapabilities=true }"/>
         <property name="platform" value="Windows 11"/>
      </properties>
      <testcase name="Test Cases/Login" time="5.596" classname="Test Cases/Login" status="PASSED">
         <system-out><![CDATA[03-04-2024T09:50:35 - [TEST_CASE][PASSED] - Test Cases/Login: Test Cases/Login

03-04-2024T09:50:35 - [TEST_STEP][PASSED] - openBrowser(""): Browser is opened with url: ''

03-04-2024T09:50:35 - [MESSAGE][INFO] - Starting 'Chrome' driver

03-04-2024T09:50:35 - [MESSAGE][INFO] - Action delay is set to 0 milliseconds

03-04-2024T09:50:37 - [MESSAGE][PASSED] - Browser is opened with url: ''

03-04-2024T09:50:37 - [TEST_STEP][PASSED] - navigateToUrl("https://thinking-tester-contact-list.herokuapp.com/"): Navigate to 'https://thinking-tester-contact-list.herokuapp.com/' successfully

03-04-2024T09:50:39 - [MESSAGE][PASSED] - Navigate to 'https://thinking-tester-contact-list.herokuapp.com/' successfully

03-04-2024T09:50:39 - [TEST_STEP][PASSED] - setText(findTestObject("Object Repository/Contact List App - Login/Page_Contact List App/input_here_email"), Email): Text 'boger.bojinov@katalon.com' is set on object 'Object Repository/Contact List App - Login/Page_Contact List App/input_here_email'

03-04-2024T09:50:40 - [MESSAGE][PASSED] - Text 'boger.bojinov@katalon.com' is set on object 'Object Repository/Contact List App - Login/Page_Contact List App/input_here_email'

03-04-2024T09:50:40 - [TEST_STEP][PASSED] - setEncryptedText(findTestObject("Object Repository/Contact List App - Login/Page_Contact List App/input_here_password"), Password): Text ****** has been set on object 'Object Repository/Contact List App - Login/Page_Contact List App/input_here_password'

03-04-2024T09:50:40 - [MESSAGE][PASSED] - Text ****** has been set on object 'Object Repository/Contact List App - Login/Page_Contact List App/input_here_password'

03-04-2024T09:50:40 - [TEST_STEP][PASSED] - click(findTestObject("Object Repository/Contact List App - Login/Page_Contact List App/button_Submit")): Object: 'Object Repository/Contact List App - Login/Page_Contact List App/button_Submit' is clicked on

03-04-2024T09:50:40 - [MESSAGE][PASSED] - Object: 'Object Repository/Contact List App - Login/Page_Contact List App/button_Submit' is clicked on]]></system-out>
         <system-err><![CDATA[]]></system-err>
      </testcase>
      <testcase name="Test Cases/Add New Contact List" time="9.621" classname="Test Cases/Add New Contact List" status="PASSED">
         <system-out><![CDATA[03-04-2024T09:50:41 - [TEST_CASE][PASSED] - Test Cases/Add New Contact List: Test Cases/Add New Contact List

03-04-2024T09:50:41 - [TEST_STEP][PASSED] - click(findTestObject("Object Repository/Contact List App/Page_My Contacts/button_Add a New Contact")): Object: 'Object Repository/Contact List App/Page_My Contacts/button_Add a New Contact' is clicked on

03-04-2024T09:50:43 - [MESSAGE][PASSED] - Object: 'Object Repository/Contact List App/Page_My Contacts/button_Add a New Contact' is clicked on

03-04-2024T09:50:43 - [TEST_STEP][PASSED] - setText(findTestObject("Object Repository/Contact List App/Page_Add Contact/input_First Name_firstName"), FirstName): Text 'Filbert' is set on object 'Object Repository/Contact List App/Page_Add Contact/input_First Name_firstName'

03-04-2024T09:50:44 - [MESSAGE][PASSED] - Text 'Filbert' is set on object 'Object Repository/Contact List App/Page_Add Contact/input_First Name_firstName'

03-04-2024T09:50:44 - [TEST_STEP][PASSED] - setText(findTestObject("Object Repository/Contact List App/Page_Add Contact/input_Last Name_lastName"), LastName): Text 'Bojinov' is set on object 'Object Repository/Contact List App/Page_Add Contact/input_Last Name_lastName'

03-04-2024T09:50:44 - [MESSAGE][PASSED] - Text 'Bojinov' is set on object 'Object Repository/Contact List App/Page_Add Contact/input_Last Name_lastName'

03-04-2024T09:50:44 - [TEST_STEP][PASSED] - setText(findTestObject("Object Repository/Contact List App/Page_Add Contact/input_Date of Birth_birthdate"), DateofBirth): Text '2000-09-09' is set on object 'Object Repository/Contact List App/Page_Add Contact/input_Date of Birth_birthdate'

03-04-2024T09:50:45 - [MESSAGE][PASSED] - Text '2000-09-09' is set on object 'Object Repository/Contact List App/Page_Add Contact/input_Date of Birth_birthdate'

03-04-2024T09:50:45 - [TEST_STEP][PASSED] - setText(findTestObject("Object Repository/Contact List App/Page_Add Contact/input_Email_email"), Email): Text 'filbert.bojinov@katalon.com' is set on object 'Object Repository/Contact List App/Page_Add Contact/input_Email_email'

03-04-2024T09:50:46 - [MESSAGE][PASSED] - Text 'filbert.bojinov@katalon.com' is set on object 'Object Repository/Contact List App/Page_Add Contact/input_Email_email'

03-04-2024T09:50:46 - [TEST_STEP][PASSED] - setText(findTestObject("Object Repository/Contact List App/Page_Add Contact/input_Street Address 1_street1"), StreetAddress): Text 'Jalan Jalan' is set on object 'Object Repository/Contact List App/Page_Add Contact/input_Street Address 1_street1'

03-04-2024T09:50:46 - [MESSAGE][PASSED] - Text 'Jalan Jalan' is set on object 'Object Repository/Contact List App/Page_Add Contact/input_Street Address 1_street1'

03-04-2024T09:50:46 - [TEST_STEP][PASSED] - setText(findTestObject("Object Repository/Contact List App/Page_Add Contact/input_City_city"), City): Text 'Jakarta' is set on object 'Object Repository/Contact List App/Page_Add Contact/input_City_city'

03-04-2024T09:50:47 - [MESSAGE][PASSED] - Text 'Jakarta' is set on object 'Object Repository/Contact List App/Page_Add Contact/input_City_city'

03-04-2024T09:50:47 - [TEST_STEP][PASSED] - setText(findTestObject("Object Repository/Contact List App/Page_Add Contact/input_State or Province_stateProvince"), Province): Text 'Greater Jakarta' is set on object 'Object Repository/Contact List App/Page_Add Contact/input_State or Province_stateProvince'

03-04-2024T09:50:48 - [MESSAGE][PASSED] - Text 'Greater Jakarta' is set on object 'Object Repository/Contact List App/Page_Add Contact/input_State or Province_stateProvince'

03-04-2024T09:50:48 - [TEST_STEP][PASSED] - setText(findTestObject("Object Repository/Contact List App/Page_Add Contact/input_Country_country"), Country): Text 'Indonesia' is set on object 'Object Repository/Contact List App/Page_Add Contact/input_Country_country'

03-04-2024T09:50:48 - [MESSAGE][PASSED] - Text 'Indonesia' is set on object 'Object Repository/Contact List App/Page_Add Contact/input_Country_country'

03-04-2024T09:50:48 - [TEST_STEP][PASSED] - setText(findTestObject("Object Repository/Contact List App/Page_Add Contact/input_Postal Code_postalCode"), PostalCode): Text '11470' is set on object 'Object Repository/Contact List App/Page_Add Contact/input_Postal Code_postalCode'

03-04-2024T09:50:49 - [MESSAGE][PASSED] - Text '11470' is set on object 'Object Repository/Contact List App/Page_Add Contact/input_Postal Code_postalCode'

03-04-2024T09:50:49 - [TEST_STEP][PASSED] - setText(findTestObject("Contact List App/Page_Add Contact/input_Phone_phone"), Phone): Text '0834232434' is set on object 'Object Repository/Contact List App/Page_Add Contact/input_Phone_phone'

03-04-2024T09:50:50 - [MESSAGE][PASSED] - Text '0834232434' is set on object 'Object Repository/Contact List App/Page_Add Contact/input_Phone_phone'

03-04-2024T09:50:50 - [TEST_STEP][PASSED] - click(findTestObject("Object Repository/Contact List App/Page_Add Contact/button_Submit")): Object: 'Object Repository/Contact List App/Page_Add Contact/button_Submit' is clicked on

03-04-2024T09:50:50 - [MESSAGE][PASSED] - Object: 'Object Repository/Contact List App/Page_Add Contact/button_Submit' is clicked on]]></system-out>
         <system-err><![CDATA[]]></system-err>
      </testcase>
      <testcase name="Test Cases/Logout" time="3.327" classname="Test Cases/Logout" status="PASSED">
         <system-out><![CDATA[03-04-2024T09:50:50 - [TEST_CASE][PASSED] - Test Cases/Logout: Test Cases/Logout

03-04-2024T09:50:50 - [TEST_STEP][PASSED] - click(findTestObject("Object Repository/Contact List App/Page_My Contacts/button_Logout")): Object: 'Object Repository/Contact List App/Page_My Contacts/button_Logout' is clicked on

03-04-2024T09:50:53 - [MESSAGE][PASSED] - Object: 'Object Repository/Contact List App/Page_My Contacts/button_Logout' is clicked on]]></system-out>
         <system-err><![CDATA[]]></system-err>
      </testcase>
      <system-out><![CDATA[03-04-2024T09:50:35 - [TEST_SUITE][PASSED] - Via Login: Test Cases/Logout]]></system-out>
      <system-err><![CDATA[]]></system-err>
   </testsuite>
</testsuites>
