<?xml version="1.0" encoding="UTF-8"?>
<testsuites name="Via Login" time="34.964" tests="5" failures="0" errors="0">
   <testsuite name="Via Login" tests="5" failures="0" errors="0" time="34.964" skipped="0" timestamp="03-04-2024T09:58:28" hostname="1735 - 192.168.137.77" id="Test Suites/Via Login">
      <properties>
         <property name="deviceName" value=""/>
         <property name="devicePlatform" value=""/>
         <property name="logFolder" value="C:\\Users\\1735\\git\\katalon_contactlistapp\\Reports\\20240403_095824\\Via Login\\20240403_095824"/>
         <property name="logFiles" value="C:\\Users\\1735\\git\\katalon_contactlistapp\\Reports\\20240403_095824\\Via Login\\20240403_095824\\execution0.log"/>
         <property name="attachments" value=""/>
         <property name="hostName" value="1735 - 192.168.137.77"/>
         <property name="os" value="Windows 11 64bit"/>
         <property name="katalonVersion" value="9.3.2.212"/>
         <property name="browser" value="Chrome 123.0.0.0"/>
         <property name="hostAddress" value="192.168.137.77"/>
         <property name="sessionId" value="c80b9e588280b268784febdaaa535165"/>
         <property name="seleniumVersion" value="3.141.59"/>
         <property name="proxyInformation" value="ProxyInformation { proxyOption=NO_PROXY, proxyServerType=HTTP, username=, password=********, proxyServerAddress=, proxyServerPort=0, executionList=&quot;&quot;, isApplyToDesiredCapabilities=true }"/>
         <property name="platform" value="Windows 11"/>
      </properties>
      <testcase name="Test Cases/Login" time="5.609" classname="Test Cases/Login" status="PASSED">
         <system-out><![CDATA[03-04-2024T09:58:29 - [TEST_CASE][PASSED] - Test Cases/Login: Test Cases/Login

03-04-2024T09:58:29 - [TEST_STEP][PASSED] - openBrowser(""): Browser is opened with url: ''

03-04-2024T09:58:29 - [MESSAGE][INFO] - Starting 'Chrome' driver

03-04-2024T09:58:29 - [MESSAGE][INFO] - Action delay is set to 0 milliseconds

03-04-2024T09:58:31 - [MESSAGE][PASSED] - Browser is opened with url: ''

03-04-2024T09:58:31 - [TEST_STEP][PASSED] - navigateToUrl("https://thinking-tester-contact-list.herokuapp.com/"): Navigate to 'https://thinking-tester-contact-list.herokuapp.com/' successfully

03-04-2024T09:58:33 - [MESSAGE][PASSED] - Navigate to 'https://thinking-tester-contact-list.herokuapp.com/' successfully

03-04-2024T09:58:33 - [TEST_STEP][PASSED] - setText(findTestObject("Object Repository/Contact List App - Login/Page_Contact List App/input_here_email"), Email): Text 'boger.bojinov@katalon.com' is set on object 'Object Repository/Contact List App - Login/Page_Contact List App/input_here_email'

03-04-2024T09:58:34 - [MESSAGE][PASSED] - Text 'boger.bojinov@katalon.com' is set on object 'Object Repository/Contact List App - Login/Page_Contact List App/input_here_email'

03-04-2024T09:58:34 - [TEST_STEP][PASSED] - setEncryptedText(findTestObject("Object Repository/Contact List App - Login/Page_Contact List App/input_here_password"), Password): Text ****** has been set on object 'Object Repository/Contact List App - Login/Page_Contact List App/input_here_password'

03-04-2024T09:58:34 - [MESSAGE][PASSED] - Text ****** has been set on object 'Object Repository/Contact List App - Login/Page_Contact List App/input_here_password'

03-04-2024T09:58:34 - [TEST_STEP][PASSED] - click(findTestObject("Object Repository/Contact List App - Login/Page_Contact List App/button_Submit")): Object: 'Object Repository/Contact List App - Login/Page_Contact List App/button_Submit' is clicked on

03-04-2024T09:58:34 - [MESSAGE][PASSED] - Object: 'Object Repository/Contact List App - Login/Page_Contact List App/button_Submit' is clicked on]]></system-out>
         <system-err><![CDATA[]]></system-err>
      </testcase>
      <testcase name="Test Cases/Login" time="4.197" classname="Test Cases/Login" status="PASSED">
         <system-out><![CDATA[03-04-2024T09:58:34 - [TEST_CASE][PASSED] - Test Cases/Login: Test Cases/Login

03-04-2024T09:58:34 - [TEST_STEP][PASSED] - openBrowser(""): Browser is opened with url: ''

03-04-2024T09:58:34 - [MESSAGE][WARNING] - A browser is already opened. Closing browser and opening a new one

03-04-2024T09:58:35 - [MESSAGE][INFO] - Starting 'Chrome' driver

03-04-2024T09:58:35 - [MESSAGE][INFO] - Action delay is set to 0 milliseconds

03-04-2024T09:58:35 - [MESSAGE][PASSED] - Browser is opened with url: ''

03-04-2024T09:58:35 - [TEST_STEP][PASSED] - navigateToUrl("https://thinking-tester-contact-list.herokuapp.com/"): Navigate to 'https://thinking-tester-contact-list.herokuapp.com/' successfully

03-04-2024T09:58:37 - [MESSAGE][PASSED] - Navigate to 'https://thinking-tester-contact-list.herokuapp.com/' successfully

03-04-2024T09:58:37 - [TEST_STEP][PASSED] - setText(findTestObject("Object Repository/Contact List App - Login/Page_Contact List App/input_here_email"), Email): Text 'bram.monero@katalon.com' is set on object 'Object Repository/Contact List App - Login/Page_Contact List App/input_here_email'

03-04-2024T09:58:38 - [MESSAGE][PASSED] - Text 'bram.monero@katalon.com' is set on object 'Object Repository/Contact List App - Login/Page_Contact List App/input_here_email'

03-04-2024T09:58:38 - [TEST_STEP][PASSED] - setEncryptedText(findTestObject("Object Repository/Contact List App - Login/Page_Contact List App/input_here_password"), Password): Text ****** has been set on object 'Object Repository/Contact List App - Login/Page_Contact List App/input_here_password'

03-04-2024T09:58:38 - [MESSAGE][PASSED] - Text ****** has been set on object 'Object Repository/Contact List App - Login/Page_Contact List App/input_here_password'

03-04-2024T09:58:38 - [TEST_STEP][PASSED] - click(findTestObject("Object Repository/Contact List App - Login/Page_Contact List App/button_Submit")): Object: 'Object Repository/Contact List App - Login/Page_Contact List App/button_Submit' is clicked on

03-04-2024T09:58:39 - [MESSAGE][PASSED] - Object: 'Object Repository/Contact List App - Login/Page_Contact List App/button_Submit' is clicked on]]></system-out>
         <system-err><![CDATA[]]></system-err>
      </testcase>
      <testcase name="Test Cases/Add New Contact List" time="11.258" classname="Test Cases/Add New Contact List" status="PASSED">
         <system-out><![CDATA[03-04-2024T09:58:39 - [TEST_CASE][PASSED] - Test Cases/Add New Contact List: Test Cases/Add New Contact List

03-04-2024T09:58:39 - [TEST_STEP][PASSED] - click(findTestObject("Object Repository/Contact List App/Page_My Contacts/button_Add a New Contact")): Object: 'Object Repository/Contact List App/Page_My Contacts/button_Add a New Contact' is clicked on

03-04-2024T09:58:43 - [MESSAGE][PASSED] - Object: 'Object Repository/Contact List App/Page_My Contacts/button_Add a New Contact' is clicked on

03-04-2024T09:58:43 - [TEST_STEP][PASSED] - setText(findTestObject("Object Repository/Contact List App/Page_Add Contact/input_First Name_firstName"), FirstName): Text 'Filbert' is set on object 'Object Repository/Contact List App/Page_Add Contact/input_First Name_firstName'

03-04-2024T09:58:43 - [MESSAGE][PASSED] - Text 'Filbert' is set on object 'Object Repository/Contact List App/Page_Add Contact/input_First Name_firstName'

03-04-2024T09:58:43 - [TEST_STEP][PASSED] - setText(findTestObject("Object Repository/Contact List App/Page_Add Contact/input_Last Name_lastName"), LastName): Text 'Bojinov' is set on object 'Object Repository/Contact List App/Page_Add Contact/input_Last Name_lastName'

03-04-2024T09:58:44 - [MESSAGE][PASSED] - Text 'Bojinov' is set on object 'Object Repository/Contact List App/Page_Add Contact/input_Last Name_lastName'

03-04-2024T09:58:44 - [TEST_STEP][PASSED] - setText(findTestObject("Object Repository/Contact List App/Page_Add Contact/input_Date of Birth_birthdate"), DateofBirth): Text '2000-09-09' is set on object 'Object Repository/Contact List App/Page_Add Contact/input_Date of Birth_birthdate'

03-04-2024T09:58:45 - [MESSAGE][PASSED] - Text '2000-09-09' is set on object 'Object Repository/Contact List App/Page_Add Contact/input_Date of Birth_birthdate'

03-04-2024T09:58:45 - [TEST_STEP][PASSED] - setText(findTestObject("Object Repository/Contact List App/Page_Add Contact/input_Email_email"), Email): Text 'filbert.bojinov@katalon.com' is set on object 'Object Repository/Contact List App/Page_Add Contact/input_Email_email'

03-04-2024T09:58:45 - [MESSAGE][PASSED] - Text 'filbert.bojinov@katalon.com' is set on object 'Object Repository/Contact List App/Page_Add Contact/input_Email_email'

03-04-2024T09:58:45 - [TEST_STEP][PASSED] - setText(findTestObject("Contact List App/Page_Add Contact/input_Phone_phone"), Phone): Text '0834232434' is set on object 'Object Repository/Contact List App/Page_Add Contact/input_Phone_phone'

03-04-2024T09:58:46 - [MESSAGE][PASSED] - Text '0834232434' is set on object 'Object Repository/Contact List App/Page_Add Contact/input_Phone_phone'

03-04-2024T09:58:46 - [TEST_STEP][PASSED] - setText(findTestObject("Object Repository/Contact List App/Page_Add Contact/input_Street Address 1_street1"), StreetAddress): Text 'Jalan Jalan' is set on object 'Object Repository/Contact List App/Page_Add Contact/input_Street Address 1_street1'

03-04-2024T09:58:47 - [MESSAGE][PASSED] - Text 'Jalan Jalan' is set on object 'Object Repository/Contact List App/Page_Add Contact/input_Street Address 1_street1'

03-04-2024T09:58:47 - [TEST_STEP][PASSED] - setText(findTestObject("Object Repository/Contact List App/Page_Add Contact/input_City_city"), City): Text 'Jakarta' is set on object 'Object Repository/Contact List App/Page_Add Contact/input_City_city'

03-04-2024T09:58:48 - [MESSAGE][PASSED] - Text 'Jakarta' is set on object 'Object Repository/Contact List App/Page_Add Contact/input_City_city'

03-04-2024T09:58:48 - [TEST_STEP][PASSED] - setText(findTestObject("Object Repository/Contact List App/Page_Add Contact/input_State or Province_stateProvince"), Province): Text 'Greater Jakarta' is set on object 'Object Repository/Contact List App/Page_Add Contact/input_State or Province_stateProvince'

03-04-2024T09:58:48 - [MESSAGE][PASSED] - Text 'Greater Jakarta' is set on object 'Object Repository/Contact List App/Page_Add Contact/input_State or Province_stateProvince'

03-04-2024T09:58:48 - [TEST_STEP][PASSED] - setText(findTestObject("Object Repository/Contact List App/Page_Add Contact/input_Postal Code_postalCode"), PostalCode): Text '11470' is set on object 'Object Repository/Contact List App/Page_Add Contact/input_Postal Code_postalCode'

03-04-2024T09:58:49 - [MESSAGE][PASSED] - Text '11470' is set on object 'Object Repository/Contact List App/Page_Add Contact/input_Postal Code_postalCode'

03-04-2024T09:58:49 - [TEST_STEP][PASSED] - setText(findTestObject("Object Repository/Contact List App/Page_Add Contact/input_Country_country"), Country): Text 'Indonesia' is set on object 'Object Repository/Contact List App/Page_Add Contact/input_Country_country'

03-04-2024T09:58:50 - [MESSAGE][PASSED] - Text 'Indonesia' is set on object 'Object Repository/Contact List App/Page_Add Contact/input_Country_country'

03-04-2024T09:58:50 - [TEST_STEP][PASSED] - click(findTestObject("Object Repository/Contact List App/Page_Add Contact/button_Submit")): Object: 'Object Repository/Contact List App/Page_Add Contact/button_Submit' is clicked on

03-04-2024T09:58:50 - [MESSAGE][PASSED] - Object: 'Object Repository/Contact List App/Page_Add Contact/button_Submit' is clicked on]]></system-out>
         <system-err><![CDATA[]]></system-err>
      </testcase>
      <testcase name="Test Cases/Add New Contact List" time="10.225" classname="Test Cases/Add New Contact List" status="PASSED">
         <system-out><![CDATA[03-04-2024T09:58:50 - [TEST_CASE][PASSED] - Test Cases/Add New Contact List: Test Cases/Add New Contact List

03-04-2024T09:58:50 - [TEST_STEP][PASSED] - click(findTestObject("Object Repository/Contact List App/Page_My Contacts/button_Add a New Contact")): Object: 'Object Repository/Contact List App/Page_My Contacts/button_Add a New Contact' is clicked on

03-04-2024T09:58:53 - [MESSAGE][PASSED] - Object: 'Object Repository/Contact List App/Page_My Contacts/button_Add a New Contact' is clicked on

03-04-2024T09:58:53 - [TEST_STEP][PASSED] - setText(findTestObject("Object Repository/Contact List App/Page_Add Contact/input_First Name_firstName"), FirstName): Text 'Ade' is set on object 'Object Repository/Contact List App/Page_Add Contact/input_First Name_firstName'

03-04-2024T09:58:54 - [MESSAGE][PASSED] - Text 'Ade' is set on object 'Object Repository/Contact List App/Page_Add Contact/input_First Name_firstName'

03-04-2024T09:58:54 - [TEST_STEP][PASSED] - setText(findTestObject("Object Repository/Contact List App/Page_Add Contact/input_Last Name_lastName"), LastName): Text 'Rohimat' is set on object 'Object Repository/Contact List App/Page_Add Contact/input_Last Name_lastName'

03-04-2024T09:58:55 - [MESSAGE][PASSED] - Text 'Rohimat' is set on object 'Object Repository/Contact List App/Page_Add Contact/input_Last Name_lastName'

03-04-2024T09:58:55 - [TEST_STEP][PASSED] - setText(findTestObject("Object Repository/Contact List App/Page_Add Contact/input_Date of Birth_birthdate"), DateofBirth): Text '2003-01-02' is set on object 'Object Repository/Contact List App/Page_Add Contact/input_Date of Birth_birthdate'

03-04-2024T09:58:55 - [MESSAGE][PASSED] - Text '2003-01-02' is set on object 'Object Repository/Contact List App/Page_Add Contact/input_Date of Birth_birthdate'

03-04-2024T09:58:55 - [TEST_STEP][PASSED] - setText(findTestObject("Object Repository/Contact List App/Page_Add Contact/input_Email_email"), Email): Text 'ade.rohimat@katalon.com' is set on object 'Object Repository/Contact List App/Page_Add Contact/input_Email_email'

03-04-2024T09:58:56 - [MESSAGE][PASSED] - Text 'ade.rohimat@katalon.com' is set on object 'Object Repository/Contact List App/Page_Add Contact/input_Email_email'

03-04-2024T09:58:56 - [TEST_STEP][PASSED] - setText(findTestObject("Contact List App/Page_Add Contact/input_Phone_phone"), Phone): Text '084746464' is set on object 'Object Repository/Contact List App/Page_Add Contact/input_Phone_phone'

03-04-2024T09:58:57 - [MESSAGE][PASSED] - Text '084746464' is set on object 'Object Repository/Contact List App/Page_Add Contact/input_Phone_phone'

03-04-2024T09:58:57 - [TEST_STEP][PASSED] - setText(findTestObject("Object Repository/Contact List App/Page_Add Contact/input_Street Address 1_street1"), StreetAddress): Text 'Jalan Soeharto' is set on object 'Object Repository/Contact List App/Page_Add Contact/input_Street Address 1_street1'

03-04-2024T09:58:57 - [MESSAGE][PASSED] - Text 'Jalan Soeharto' is set on object 'Object Repository/Contact List App/Page_Add Contact/input_Street Address 1_street1'

03-04-2024T09:58:57 - [TEST_STEP][PASSED] - setText(findTestObject("Object Repository/Contact List App/Page_Add Contact/input_City_city"), City): Text 'Bekasi' is set on object 'Object Repository/Contact List App/Page_Add Contact/input_City_city'

03-04-2024T09:58:58 - [MESSAGE][PASSED] - Text 'Bekasi' is set on object 'Object Repository/Contact List App/Page_Add Contact/input_City_city'

03-04-2024T09:58:58 - [TEST_STEP][PASSED] - setText(findTestObject("Object Repository/Contact List App/Page_Add Contact/input_State or Province_stateProvince"), Province): Text 'Jawa Barat' is set on object 'Object Repository/Contact List App/Page_Add Contact/input_State or Province_stateProvince'

03-04-2024T09:58:59 - [MESSAGE][PASSED] - Text 'Jawa Barat' is set on object 'Object Repository/Contact List App/Page_Add Contact/input_State or Province_stateProvince'

03-04-2024T09:58:59 - [TEST_STEP][PASSED] - setText(findTestObject("Object Repository/Contact List App/Page_Add Contact/input_Postal Code_postalCode"), PostalCode): Text '77493' is set on object 'Object Repository/Contact List App/Page_Add Contact/input_Postal Code_postalCode'

03-04-2024T09:58:59 - [MESSAGE][PASSED] - Text '77493' is set on object 'Object Repository/Contact List App/Page_Add Contact/input_Postal Code_postalCode'

03-04-2024T09:58:59 - [TEST_STEP][PASSED] - setText(findTestObject("Object Repository/Contact List App/Page_Add Contact/input_Country_country"), Country): Text 'Indonesia' is set on object 'Object Repository/Contact List App/Page_Add Contact/input_Country_country'

03-04-2024T09:59:00 - [MESSAGE][PASSED] - Text 'Indonesia' is set on object 'Object Repository/Contact List App/Page_Add Contact/input_Country_country'

03-04-2024T09:59:00 - [TEST_STEP][PASSED] - click(findTestObject("Object Repository/Contact List App/Page_Add Contact/button_Submit")): Object: 'Object Repository/Contact List App/Page_Add Contact/button_Submit' is clicked on

03-04-2024T09:59:00 - [MESSAGE][PASSED] - Object: 'Object Repository/Contact List App/Page_Add Contact/button_Submit' is clicked on]]></system-out>
         <system-err><![CDATA[]]></system-err>
      </testcase>
      <testcase name="Test Cases/Logout" time="3.076" classname="Test Cases/Logout" status="PASSED">
         <system-out><![CDATA[03-04-2024T09:59:00 - [TEST_CASE][PASSED] - Test Cases/Logout: Test Cases/Logout

03-04-2024T09:59:00 - [TEST_STEP][PASSED] - click(findTestObject("Object Repository/Contact List App/Page_My Contacts/button_Logout")): Object: 'Object Repository/Contact List App/Page_My Contacts/button_Logout' is clicked on

03-04-2024T09:59:03 - [MESSAGE][PASSED] - Object: 'Object Repository/Contact List App/Page_My Contacts/button_Logout' is clicked on]]></system-out>
         <system-err><![CDATA[]]></system-err>
      </testcase>
      <system-out><![CDATA[03-04-2024T09:58:28 - [TEST_SUITE][PASSED] - Via Login: Test Cases/Logout]]></system-out>
      <system-err><![CDATA[]]></system-err>
   </testsuite>
</testsuites>
